<?xml version="1.0" encoding="UTF-8"?>
<testsuite xmlns:xsi="http://www.w3.org/2001/XMLSchema-instance" xsi:noNamespaceSchemaLocation="https://maven.apache.org/surefire/maven-surefire-plugin/xsd/surefire-test-report.xsd" name="TestSuite" time="12.981" tests="4" errors="0" skipped="0" failures="1">
  <properties>
[...]
</properties>
  <testcase name="basePageNavigation" classname="Academy.HomePage" time="2.101"/>
  <testcase name="basePageNavigation" classname="Academy.HomePage" time="1.638"/>
  <testcase name="validateAppTitle" classname="Academy.validateTitle" time="0.031">
    <failure message="expected [FEATURED CO123URSES] but found [FEATURED COURSES]" type="java.lang.AssertionError">java.lang.AssertionError: expected [FEATURED CO123URSES] but found [FEATURED COURSES]
	at Academy.validateTitle.validateAppTitle(validateTitle.java:43)
</failure>
    <system-out><![CDATA[chrome
]]></system-out>
    <system-err><![CDATA[Starting ChromeDriver 95.0.4638.69 (6a1600ed572fedecd573b6c2b90a22fe6392a410-refs/branch-heads/4638@{#984}) on port 23385
Only local connections are allowed.
Please see https://chromedriver.chromium.org/security-considerations for suggestions on keeping ChromeDriver safe.
ChromeDriver was started successfully.
Nov 14, 2021 2:42:34 PM org.openqa.selenium.remote.ProtocolHandshake createSession
INFO: Detected dialect: W3C
]]></system-err>
  </testcase>
  <testcase name="validateAppNavBar" classname="Academy.validateNavigationBar" time="0.064"/>
</testsuite>